[debug] [2018-07-10T03:30:20.329Z] ----------------------------------------------------------------------
[debug] [2018-07-10T03:30:20.332Z] Command:       C:\Program Files\nodejs\node.exe C:\Users\Henna6\AppData\Roaming\npm\node_modules\firebase-tools\bin\firebase init functions
[debug] [2018-07-10T03:30:20.332Z] CLI Version:   3.19.3
[debug] [2018-07-10T03:30:20.332Z] Platform:      win32
[debug] [2018-07-10T03:30:20.332Z] Node Version:  v8.11.3
[debug] [2018-07-10T03:30:20.333Z] Time:          Tue Jul 10 2018 05:30:20 GMT+0200 (W. Europe Summer Time)
[debug] [2018-07-10T03:30:20.333Z] ----------------------------------------------------------------------
[debug] 
[debug] [2018-07-10T03:30:20.347Z] > command requires scopes: ["email","openid","https://www.googleapis.com/auth/cloudplatformprojects.readonly","https://www.googleapis.com/auth/firebase"]
[debug] [2018-07-10T03:30:20.349Z] > authorizing via signed-in user
[info] 
     ######## #### ########  ######## ########     ###     ######  ########
     ##        ##  ##     ## ##       ##     ##  ##   ##  ##       ##
     ######    ##  ########  ######   ########  #########  ######  ######
     ##        ##  ##    ##  ##       ##     ## ##     ##       ## ##
     ##       #### ##     ## ######## ########  ##     ##  ######  ########

You're about to initialize a Firebase project in this directory:

  C:\Route053\Route053App

Before we get started, keep in mind:

  * You are currently outside your home directory
  * You are initializing in an existing Firebase project directory

[info] 
=== Project Setup
[info] 
[info] First, let's associate this project directory with a Firebase project.
[info] You can create multiple project aliases by running firebase use --add, 
[info] but for now we'll just set up a default project.
[info] 
[debug] [2018-07-10T03:30:22.959Z] > refreshing access token with scopes: ["email","https://www.googleapis.com/auth/cloudplatformprojects.readonly","https://www.googleapis.com/auth/firebase","openid"]
[debug] [2018-07-10T03:30:22.959Z] >>> HTTP REQUEST POST https://www.googleapis.com/oauth2/v3/token  
 { refresh_token: '1/PGwaaVeU9zuTgAx61KfD-V0Du-92kORUrysaJrM33pU',
  client_id: '563584335869-fgrhgmd47bqnekij5i8b5pr03ho849e6.apps.googleusercontent.com',
  client_secret: 'j9iVZfS8kkCEFUPaAeJV0sAi',
  grant_type: 'refresh_token',
  scope: 'email https://www.googleapis.com/auth/cloudplatformprojects.readonly https://www.googleapis.com/auth/firebase openid' } 
 Tue Jul 10 2018 05:30:22 GMT+0200 (W. Europe Summer Time)
[debug] [2018-07-10T03:30:23.067Z] <<< HTTP RESPONSE 200
[debug] [2018-07-10T03:30:23.133Z] >>> HTTP REQUEST GET https://admin.firebase.com/v1/projects  
  
 Tue Jul 10 2018 05:30:23 GMT+0200 (W. Europe Summer Time)
[debug] [2018-07-10T03:30:24.094Z] <<< HTTP RESPONSE 200
[info] i  .firebaserc already has a default project, skipping
[info] 
=== Functions Setup
[info] 
[info] A functions directory will be created in your project with a Node.js
[info] package pre-configured. Functions can be deployed with firebase deploy.
[info] 
[debug] [2018-07-10T03:30:24.121Z] > command requires scopes: ["email","openid","https://www.googleapis.com/auth/cloudplatformprojects.readonly","https://www.googleapis.com/auth/firebase","https://www.googleapis.com/auth/cloud-platform"]
[debug] [2018-07-10T03:30:24.123Z] > authorizing via signed-in user
[debug] [2018-07-10T03:30:24.124Z] > refreshing access token with scopes: ["email","https://www.googleapis.com/auth/cloud-platform","https://www.googleapis.com/auth/cloudplatformprojects.readonly","https://www.googleapis.com/auth/firebase","openid"]
[debug] [2018-07-10T03:30:24.124Z] >>> HTTP REQUEST POST https://www.googleapis.com/oauth2/v3/token  
 { refresh_token: '1/PGwaaVeU9zuTgAx61KfD-V0Du-92kORUrysaJrM33pU',
  client_id: '563584335869-fgrhgmd47bqnekij5i8b5pr03ho849e6.apps.googleusercontent.com',
  client_secret: 'j9iVZfS8kkCEFUPaAeJV0sAi',
  grant_type: 'refresh_token',
  scope: 'email https://www.googleapis.com/auth/cloud-platform https://www.googleapis.com/auth/cloudplatformprojects.readonly https://www.googleapis.com/auth/firebase openid' } 
 Tue Jul 10 2018 05:30:24 GMT+0200 (W. Europe Summer Time)
[debug] [2018-07-10T03:30:24.228Z] <<< HTTP RESPONSE 200
[debug] [2018-07-10T03:30:24.250Z] >>> HTTP REQUEST GET https://admin.firebase.com/v1/projects/route053-bc66e  
  
 Tue Jul 10 2018 05:30:24 GMT+0200 (W. Europe Summer Time)
[debug] [2018-07-10T03:30:24.776Z] <<< HTTP RESPONSE 200
[debug] [2018-07-10T03:30:24.776Z] >>> HTTP REQUEST GET https://admin.firebase.com/v1/database/route053-bc66e/tokens  
  
 Tue Jul 10 2018 05:30:24 GMT+0200 (W. Europe Summer Time)
[debug] [2018-07-10T03:30:25.302Z] <<< HTTP RESPONSE 200
[debug] [2018-07-10T03:30:25.313Z] >>> HTTP REQUEST PATCH https://servicemanagement.googleapis.com/v1/services/cloudfunctions.googleapis.com/projectSettings/route053-bc66e?updateMask=usageSettings  
 { usageSettings: { consumerEnableStatus: 'ENABLED' } } 
 Tue Jul 10 2018 05:30:25 GMT+0200 (W. Europe Summer Time)
[debug] [2018-07-10T03:30:25.314Z] >>> HTTP REQUEST PATCH https://servicemanagement.googleapis.com/v1/services/runtimeconfig.googleapis.com/projectSettings/route053-bc66e?updateMask=usageSettings  
 { usageSettings: { consumerEnableStatus: 'ENABLED' } } 
 Tue Jul 10 2018 05:30:25 GMT+0200 (W. Europe Summer Time)
[debug] [2018-07-10T03:30:26.798Z] <<< HTTP RESPONSE 200
[debug] [2018-07-10T03:30:27.091Z] <<< HTTP RESPONSE 200
[info] +  Wrote functions/package.json
[info] +  Wrote functions/index.js
